<?xml version="1.0" encoding="UTF-8"?>
<!-- Generated by org.testng.reporters.JUnitReportReporter -->
<testsuite hostname="Karthiks-MacBook-Air.local" failures="0" tests="1" name="runners.TestRunner" time="5.202" errors="0" timestamp="2025-08-27T19:19:00 IST" skipped="0">
  <testcase classname="runners.TestRunner" name="runScenario" time="5.202"/>
</testsuite> <!-- runners.TestRunner -->
